#
# There is insufficient memory for the Java Runtime Environment to continue.
# Native memory allocation (mmap) failed to map 264241152 bytes for G1 virtual space
# Possible reasons:
#   The system is out of physical RAM or swap space
#   The process is running with CompressedOops enabled, and the Java Heap may be blocking the growth of the native heap
# Possible solutions:
#   Reduce memory load on the system
#   Increase physical memory or swap space
#   Check if swap backing store is full
#   Decrease Java heap size (-Xmx/-Xms)
#   Decrease number of Java threads
#   Decrease Java thread stack sizes (-Xss)
#   Set larger code cache with -XX:ReservedCodeCacheSize=
#   JVM is running with Zero Based Compressed Oops mode in which the Java heap is
#     placed in the first 32GB address space. The Java Heap base address is the
#     maximum limit for the native heap growth. Please use -XX:HeapBaseMinAddress
#     to set the Java Heap base and to place the Java Heap above 32GB virtual address.
# This output file may be truncated or incomplete.
#
#  Out of Memory Error (os_windows.cpp:3829), pid=11840, tid=15324
#
# JRE version:  (17.0.8.1+7) (build )
# Java VM: OpenJDK 64-Bit Server VM (17.0.8.1+7-b1000.32, mixed mode, sharing, tiered, compressed oops, compressed class ptrs, g1 gc, windows-amd64)
# No core dump will be written. Minidumps are not enabled by default on client versions of Windows
#

---------------  S U M M A R Y ------------

Command Line: git4idea.http.GitAskPassApp Username for 'https://github.com': 

Host: Intel(R) Core(TM) i7-9850H CPU @ 2.60GHz, 12 cores, 15G,  Windows 10 , 64 bit Build 19041 (10.0.19041.3636)
Time: Mon Feb  5 02:02:41 2024 FLE Standard Time elapsed time: 0.012535 seconds (0d 0h 0m 0s)

---------------  T H R E A D  ---------------

Current thread (0x00000252dfc33e70):  JavaThread "Unknown thread" [_thread_in_vm, id=15324, stack(0x000000b4f3a00000,0x000000b4f3b00000)]

Stack: [0x000000b4f3a00000,0x000000b4f3b00000]
Native frames: (J=compiled Java code, j=interpreted, Vv=VM code, C=native code)
V  [jvm.dll+0x6852da]
V  [jvm.dll+0x844c84]
V  [jvm.dll+0x84659e]
V  [jvm.dll+0x846c03]
V  [jvm.dll+0x24b7cf]
V  [jvm.dll+0x682049]
V  [jvm.dll+0x67671a]
V  [jvm.dll+0x30be2b]
V  [jvm.dll+0x3132d6]
V  [jvm.dll+0x36302e]
V  [jvm.dll+0x36325f]
V  [jvm.dll+0x2e1f48]
V  [jvm.dll+0x2e2eb4]
V  [jvm.dll+0x815c11]
V  [jvm.dll+0x370df1]
V  [jvm.dll+0x7f4fdc]
V  [jvm.dll+0x3f3f1f]
V  [jvm.dll+0x3f5b31]
C  [jli.dll+0x528f]
C  [ucrtbase.dll+0x21bb2]
C  [KERNEL32.DLL+0x17344]
C  [ntdll.dll+0x526b1]


---------------  P R O C E S S  ---------------

Threads class SMR info:
_java_thread_list=0x00007fffaf4a00d8, length=0, elements={
}

Java Threads: ( => current thread )

Other Threads:
  0x00000252dfc9f4c0 GCTaskThread "GC Thread#0" [stack: 0x000000b4f3b00000,0x000000b4f3c00000] [id=7736]
  0x00000252dfcaff60 ConcurrentGCThread "G1 Main Marker" [stack: 0x000000b4f3c00000,0x000000b4f3d00000] [id=10792]
  0x00000252dfcb0970 ConcurrentGCThread "G1 Conc#0" [stack: 0x000000b4f3d00000,0x000000b4f3e00000] [id=7704]

[error occurred during error reporting (printing all threads), id 0xc0000005, EXCEPTION_ACCESS_VIOLATION (0xc0000005) at pc=0x00007fffaec52ab7]

VM state: not at safepoint (not fully initialized)

VM Mutex/Monitor currently owned by a thread:  ([mutex/lock_event])
[0x00000252dfc304a0] Heap_lock - owner thread: 0x00000252dfc33e70

Heap address: 0x0000000704a00000, size: 4022 MB, Compressed Oops mode: Zero based, Oop shift amount: 3

CDS archive(s) mapped at: [0x0000000000000000-0x0000000000000000-0x0000000000000000), size 0, SharedBaseAddress: 0x0000000800000000, ArchiveRelocationMode: 1.
Narrow klass base: 0x0000000000000000, Narrow klass shift: 0, Narrow klass range: 0x0

GC Precious Log:
<Empty>

Heap:
 garbage-first heap   total 0K, used 0K [0x0000000704a00000, 0x0000000800000000)
  region size 2048K, 0 young (0K), 0 survivors (0K)
 Metaspace       used 0K, committed 0K, reserved 0K
  class space    used 0K, committed 0K, reserved 0K

Heap Regions: E=young(eden), S=young(survivor), O=old, HS=humongous(starts), HC=humongous(continues), CS=collection set, F=free, OA=open archive, CA=closed archive, TAMS=top-at-mark-start (previous, next)

Card table byte_map: [0x00000252f30f0000,0x00000252f38d0000] _byte_map_base: 0x00000252ef8cb000

Marking Bits (Prev, Next): (CMBitMap*) 0x00000252dfc9fae0, (CMBitMap*) 0x00000252dfc9fb20
 Prev Bits: [0x00000252f40b0000, 0x00000252f7f88000)
 Next Bits: [0x00000252f7f90000, 0x00000252fbe68000)

GC Heap History (0 events):
No events

Dll operation events (1 events):
Event: 0.007 Loaded shared library C:\Program Files\JetBrains\PyCharm Community Edition 2022.3.1\jbr\bin\java.dll

Deoptimization events (0 events):
No events

Classes unloaded (0 events):
No events

Classes redefined (0 events):
No events

Internal exceptions (0 events):
No events

VM Operations (0 events):
No events

Events (0 events):
No events


Dynamic libraries:
0x00007ff624d60000 - 0x00007ff624d6a000 	C:\Program Files\JetBrains\PyCharm Community Edition 2022.3.1\jbr\bin\java.exe
0x00007ffffb8f0000 - 0x00007ffffbae8000 	C:\WINDOWS\SYSTEM32\ntdll.dll
0x00007ffff99d0000 - 0x00007ffff9a8d000 	C:\WINDOWS\System32\KERNEL32.DLL
0x00007ffff92a0000 - 0x00007ffff9596000 	C:\WINDOWS\System32\KERNELBASE.dll
0x00007ffff95a0000 - 0x00007ffff96a0000 	C:\WINDOWS\System32\ucrtbase.dll
0x00007fffe8f80000 - 0x00007fffe8f97000 	C:\Program Files\JetBrains\PyCharm Community Edition 2022.3.1\jbr\bin\jli.dll
0x00007ffffac20000 - 0x00007ffffadbe000 	C:\WINDOWS\System32\USER32.dll
0x00007fffdb090000 - 0x00007fffdb0ab000 	C:\Program Files\JetBrains\PyCharm Community Edition 2022.3.1\jbr\bin\VCRUNTIME140.dll
0x00007ffff91e0000 - 0x00007ffff9202000 	C:\WINDOWS\System32\win32u.dll
0x00007fffddd60000 - 0x00007fffddffa000 	C:\WINDOWS\WinSxS\amd64_microsoft.windows.common-controls_6595b64144ccf1df_6.0.19041.3636_none_60b6a03d71f818d5\COMCTL32.dll
0x00007ffffb030000 - 0x00007ffffb05c000 	C:\WINDOWS\System32\GDI32.dll
0x00007ffff9a90000 - 0x00007ffff9b2e000 	C:\WINDOWS\System32\msvcrt.dll
0x00007ffff96d0000 - 0x00007ffff97ea000 	C:\WINDOWS\System32\gdi32full.dll
0x00007ffff97f0000 - 0x00007ffff988d000 	C:\WINDOWS\System32\msvcp_win.dll
0x00007ffff9940000 - 0x00007ffff9970000 	C:\WINDOWS\System32\IMM32.DLL
0x00007fffeff60000 - 0x00007fffeff6c000 	C:\Program Files\JetBrains\PyCharm Community Edition 2022.3.1\jbr\bin\vcruntime140_1.dll
0x00007fffb1db0000 - 0x00007fffb1e3d000 	C:\Program Files\JetBrains\PyCharm Community Edition 2022.3.1\jbr\bin\msvcp140.dll
0x00007fffae960000 - 0x00007fffaf5e3000 	C:\Program Files\JetBrains\PyCharm Community Edition 2022.3.1\jbr\bin\server\jvm.dll
0x00007ffffa440000 - 0x00007ffffa4f3000 	C:\WINDOWS\System32\ADVAPI32.dll
0x00007ffffa6a0000 - 0x00007ffffa73f000 	C:\WINDOWS\System32\sechost.dll
0x00007ffffa570000 - 0x00007ffffa696000 	C:\WINDOWS\System32\RPCRT4.dll
0x00007ffff96a0000 - 0x00007ffff96c7000 	C:\WINDOWS\System32\bcrypt.dll
0x00007ffff8520000 - 0x00007ffff856b000 	C:\WINDOWS\SYSTEM32\POWRPROF.dll
0x00007fffd7770000 - 0x00007fffd7797000 	C:\WINDOWS\SYSTEM32\WINMM.dll
0x00007fffecc50000 - 0x00007fffecc5a000 	C:\WINDOWS\SYSTEM32\VERSION.dll
0x00007fffe7610000 - 0x00007fffe7619000 	C:\WINDOWS\SYSTEM32\WSOCK32.dll
0x00007ffffa500000 - 0x00007ffffa56b000 	C:\WINDOWS\System32\WS2_32.dll
0x00007ffff8390000 - 0x00007ffff83a2000 	C:\WINDOWS\SYSTEM32\UMPDC.dll
0x00007ffff77c0000 - 0x00007ffff77d2000 	C:\WINDOWS\SYSTEM32\kernel.appcore.dll
0x00007ffff02d0000 - 0x00007ffff02da000 	C:\Program Files\JetBrains\PyCharm Community Edition 2022.3.1\jbr\bin\jimage.dll
0x00007ffff3490000 - 0x00007ffff3674000 	C:\WINDOWS\SYSTEM32\DBGHELP.DLL
0x00007fffeb510000 - 0x00007fffeb544000 	C:\WINDOWS\SYSTEM32\dbgcore.DLL
0x00007ffff9210000 - 0x00007ffff9292000 	C:\WINDOWS\System32\bcryptPrimitives.dll
0x00007fffe9bd0000 - 0x00007fffe9bf5000 	C:\Program Files\JetBrains\PyCharm Community Edition 2022.3.1\jbr\bin\java.dll

dbghelp: loaded successfully - version: 4.0.5 - missing functions: none
symbol engine: initialized successfully - sym options: 0x614 - pdb path: .;C:\Program Files\JetBrains\PyCharm Community Edition 2022.3.1\jbr\bin;C:\WINDOWS\SYSTEM32;C:\WINDOWS\WinSxS\amd64_microsoft.windows.common-controls_6595b64144ccf1df_6.0.19041.3636_none_60b6a03d71f818d5;C:\Program Files\JetBrains\PyCharm Community Edition 2022.3.1\jbr\bin\server

VM Arguments:
java_command: git4idea.http.GitAskPassApp Username for 'https://github.com': 
java_class_path (initial): C:/Program Files/JetBrains/PyCharm Community Edition 2022.3.1/plugins/vcs-git/lib/git4idea-rt.jar;C:/Program Files/JetBrains/PyCharm Community Edition 2022.3.1/lib/externalProcess-rt.jar
Launcher Type: SUN_STANDARD

[Global flags]
     intx CICompilerCount                          = 4                                         {product} {ergonomic}
     uint ConcGCThreads                            = 3                                         {product} {ergonomic}
     uint G1ConcRefinementThreads                  = 10                                        {product} {ergonomic}
   size_t G1HeapRegionSize                         = 2097152                                   {product} {ergonomic}
    uintx GCDrainStackTargetSize                   = 64                                        {product} {ergonomic}
   size_t InitialHeapSize                          = 264241152                                 {product} {ergonomic}
   size_t MarkStackSize                            = 4194304                                   {product} {ergonomic}
   size_t MaxHeapSize                              = 4217372672                                {product} {ergonomic}
   size_t MinHeapDeltaBytes                        = 2097152                                   {product} {ergonomic}
   size_t MinHeapSize                              = 8388608                                   {product} {ergonomic}
    uintx NonNMethodCodeHeapSize                   = 5839372                                {pd product} {ergonomic}
    uintx NonProfiledCodeHeapSize                  = 122909434                              {pd product} {ergonomic}
    uintx ProfiledCodeHeapSize                     = 122909434                              {pd product} {ergonomic}
    uintx ReservedCodeCacheSize                    = 251658240                              {pd product} {ergonomic}
     bool SegmentedCodeCache                       = true                                      {product} {ergonomic}
   size_t SoftMaxHeapSize                          = 4217372672                             {manageable} {ergonomic}
     bool UseCompressedClassPointers               = true                           {product lp64_product} {ergonomic}
     bool UseCompressedOops                        = true                           {product lp64_product} {ergonomic}
     bool UseG1GC                                  = true                                      {product} {ergonomic}
     bool UseLargePagesIndividualAllocation        = false                                  {pd product} {ergonomic}

Logging:
Log output configuration:
 #0: stdout all=warning uptime,level,tags
 #1: stderr all=off uptime,level,tags

Environment Variables:
JAVA_HOME=C:\PROGRA~1\Java\JRE18~1.0_2\
PATH=C:\Program Files\Git\mingw64\libexec\git-core;C:\Program Files\Git\mingw64\libexec\git-core;C:\Program Files\Git\mingw64\bin;C:\Program Files\Git\usr\bin;C:\Users\yurko-laptop\bin;D:\python_labs\python_labs\venv\Scripts;D:\Oracle\WINDOWS.X64_193000_db_home\bin;C:\Program Files (x86)\Common Files\Oracle\Java\javapath;C:\WINDOWS\system32;C:\WINDOWS;C:\WINDOWS\System32\Wbem;C:\WINDOWS\System32\WindowsPowerShell\v1.0;C:\WINDOWS\System32\OpenSSH;C:\Program Files (x86)\Microsoft SQL Server\150\Tools\Binn;C:\Program Files\Microsoft SQL Server\150\Tools\Binn;C:\Program Files\Microsoft SQL Server\Client SDK\ODBC\170\Tools\Binn;C:\Program Files\Microsoft SQL Server\150\DTS\Binn;C:\Program Files (x86)\Microsoft SQL Server\150\DTS\Binn;C:\Program Files\dotnet;C:\Program Files\Microsoft SQL Server\130\Tools\Binn;C:\virtual\bin;.;C:\PROGRA~1\Java\JRE18~1.0_2\bin";C:\Program Files\Git\cmd;C:\Users\yurko-laptop\AppData\Local\Programs\Python\Python310\Scripts;C:\Users\yurko-laptop\AppData\Local\Programs\Python\Python310;C:\Users\yurko-laptop\AppData\Local\Programs\Python\Python311\Scripts;C:\Users\yurko-laptop\AppData\Local\Programs\Python\Python311;C:\Users\yurko-laptop\AppData\Local\Microsoft\WindowsApps;C:\BigData\hadoop-2.9.1;C:\BigData\hadoop-2.9.1\bin;C:\BigData\hadoop-2.9.1\sbin;C:\PROGRA~1\Java\JRE18~1.0_2;C:\BigData\spark-2.4.5-bin-hadoop2.7\bin;C:\Users\yurko-laptop\AppData\Local\Programs\Microsoft VS Code\bin
USERNAME=yurko-laptop
DISPLAY=:0.0
LC_ALL=en_US.UTF-8
TERM=xterm-256color
TMPDIR=C:\Users\YURKO-~1\AppData\Local\Temp
OS=Windows_NT
PROCESSOR_IDENTIFIER=Intel64 Family 6 Model 158 Stepping 13, GenuineIntel
TMP=C:\Users\YURKO-~1\AppData\Local\Temp
TEMP=C:\Users\YURKO-~1\AppData\Local\Temp


JNI global refs:
JNI global refs: 0, weak refs: 0

JNI global refs memory usage: 0, weak refs: 0

OOME stack traces (most recent first):
Classloader memory used:


---------------  S Y S T E M  ---------------

OS:
 Windows 10 , 64 bit Build 19041 (10.0.19041.3636)
OS uptime: 14 days 9:53 hours
Hyper-V role detected

CPU: total 12 (initial active 12) (6 cores per cpu, 2 threads per core) family 6 model 158 stepping 13 microcode 0xea, cx8, cmov, fxsr, ht, mmx, 3dnowpref, sse, sse2, sse3, ssse3, sse4.1, sse4.2, popcnt, lzcnt, tsc, tscinvbit, avx, avx2, aes, erms, clmul, bmi1, bmi2, adx, fma, vzeroupper, clflush, clflushopt, hv
Processor Information for all 12 processors :
  Max Mhz: 2592, Current Mhz: 2592, Mhz Limit: 2592

Memory: 4k page, system-wide physical 16086M (2392M free)
TotalPageFile size 27982M (AvailPageFile size 113M)
current process WorkingSet (physical memory assigned to process): 10M, peak: 10M
current process commit charge ("private bytes"): 64M, peak: 316M

vm_info: OpenJDK 64-Bit Server VM (17.0.8.1+7-b1000.32) for windows-amd64 JRE (17.0.8.1+7-b1000.32), built on 2023-09-15 by "builduser" with MS VC++ 16.10 / 16.11 (VS2019)

END.
